<?xml version="1.0" encoding="UTF-8"?>
<testsuite xmlns:xsi="http://www.w3.org/2001/XMLSchema-instance" xsi:noNamespaceSchemaLocation="https://maven.apache.org/surefire/maven-surefire-plugin/xsd/surefire-test-report.xsd" name="org.example.smidatesttask.controllerTests.AuthPageLogicControllerTest" time="1.236" tests="7" errors="0" skipped="0" failures="0">
  <properties>
[...]
</properties>
  <testcase name="invalidUserWithTakenEmail_tryToRegister_thenAssertRuntimeExceptionWithMessage" classname="org.example.smidatesttask.controllerTests.AuthPageLogicControllerTest" time="0.571"/>
  <testcase name="invalidUserWithInvalidData_tryToRegister_thenAssertValidationExceptionWithMessage" classname="org.example.smidatesttask.controllerTests.AuthPageLogicControllerTest" time="0.025"/>
  <testcase name="validUser_authenticate_thenAssertReturnTheToken" classname="org.example.smidatesttask.controllerTests.AuthPageLogicControllerTest" time="0.336"/>
  <testcase name="notRegisterUser_tryToAuthenticate_thenAssertRuntimeExceptionWithMessage" classname="org.example.smidatesttask.controllerTests.AuthPageLogicControllerTest" time="0.017"/>
  <testcase name="invalidUser_tryToAuthenticate_thenAssertValidationExceptionWithMessage" classname="org.example.smidatesttask.controllerTests.AuthPageLogicControllerTest" time="0.005"/>
  <testcase name="invalidUserWithInvalidPassword_tryToAuthenticate_thenAssertRuntimeExceptionWithMessage" classname="org.example.smidatesttask.controllerTests.AuthPageLogicControllerTest" time="0.179"/>
  <testcase name="validUser_register_thenAssertReturnTheToken" classname="org.example.smidatesttask.controllerTests.AuthPageLogicControllerTest" time="0.098"/>
</testsuite>